dmesg | grep -iE 'drm|i915|amdgpu|radeon|nouveau'    # driver KMS cargado
[    0.407564] ACPI: bus type drm_connector registered
[    0.495812] simple-framebuffer simple-framebuffer.0: [drm] Registered 1 planes with drm panic
[    0.495833] [drm] Initialized simpledrm 1.0.0 for simple-framebuffer.0 on minor 0
[    0.499914] simple-framebuffer simple-framebuffer.0: [drm] fb0: simpledrmdrmfb frame buffer device
[    0.871525] ata1.00: supports DRM functions and may not be fully accessible
[    0.874853] ata1.00: supports DRM functions and may not be fully accessible
[    1.975296] ata6.00: supports DRM functions and may not be fully accessible
[    1.980298] ata6.00: supports DRM functions and may not be fully accessible
[    7.690789] systemd[1]: Starting modprobe@drm.service - Load Kernel Module drm...
[    7.703351] systemd[1]: modprobe@drm.service: Deactivated successfully.
[    7.703510] systemd[1]: Finished modprobe@drm.service - Load Kernel Module drm.
[    9.250197] nouveau 0000:26:00.0: drm: VRAM: 2048 MiB
[    9.250200] nouveau 0000:26:00.0: drm: GART: 536870912 MiB
[    9.250203] nouveau 0000:26:00.0: drm: BIT table 'A' not found
[    9.250206] nouveau 0000:26:00.0: drm: BIT table 'L' not found
[    9.250208] nouveau 0000:26:00.0: drm: TMDS table version 2.0
[    9.253705] nouveau 0000:26:00.0: drm: MM: using COPY for buffer copies
[    9.255694] nouveau 0000:26:00.0: [drm] Registered 2 planes with drm panic
[    9.268018] [drm] Initialized nouveau 1.4.1 for 0000:26:00.0 on minor 1
[    9.342890] fbcon: nouveaudrmfb (fb0) is primary device
[    9.342969] nouveau 0000:26:00.0: [drm] fb0: nouveaudrmfb frame buffer device
lspci | grep -iE 'vga|display|3d'                    # GPU del equipo
03:00.0 Class 0c03: 1022:43d5
ls -la /dev/dri/                                     # ¿card0? si no, el kernel no ligó KMS
total 0
drwxr-xr-x    3 root     root           100 Jun  2 06:12 .
drwxr-xr-x   19 root     root          4380 Jun  2 06:14 ..
drwxr-xr-x    2 root     root            80 Jun  2 06:12 by-path
crw-rw----    1 root     video     226,   1 Jun  2 06:12 card1
crw-rw-rw-    1 root     render    226, 128 Jun  2 06:12 renderD128
journalctl -b | grep -iE 'xorg|lightdm|drm|EE'       # arranque de X y display manager
jun 02 06:12:36 localhost kernel: Linux version 6.19.14-108.fc42.x86_64 (mockbuild@14c6e9dc78654ab2b36007daa300f51f) (gcc (GCC) 15.2.1 20260123 (Red Hat 15.2.1-7), GNU ld version 2.44-12.fc42) #1 SMP PREEMPT_DYNAMIC Thu May 21 18:06:59 UTC 2026
jun 02 06:12:36 localhost kernel: Command line: BOOT_IMAGE=/boot/vmlinuz splash selinux=0 vt.global_cursor_default=0 loglevel=3 udev.log_priority=3 systemd.show_status=false rd.systemd.show_status=false quiet console=tty1 boot_device=cd0 machine_id=2a6ddf0ae423d8e9ee8c07d06a1d3d9c
jun 02 06:12:36 localhost kernel: ACPI: FACP 0x00000000DBDC6EE0 000114 (v06 ALASKA A M I    01072009 AMI  00010013)
jun 02 06:12:36 localhost kernel: ACPI: Reserving FACP table memory at [mem 0xdbdc6ee0-0xdbdc6ff3]
jun 02 06:12:36 localhost kernel: Kernel command line: BOOT_IMAGE=/boot/vmlinuz splash selinux=0 vt.global_cursor_default=0 loglevel=3 udev.log_priority=3 systemd.show_status=false rd.systemd.show_status=false quiet console=tty1 boot_device=cd0 machine_id=2a6ddf0ae423d8e9ee8c07d06a1d3d9c
jun 02 06:12:36 localhost kernel: Unknown kernel command line parameters "splash boot_device=cd0 machine_id=2a6ddf0ae423d8e9ee8c07d06a1d3d9c", will be passed to user space.
jun 02 06:12:36 localhost kernel: mem auto-init: stack:all(zero), heap alloc:on, heap free:off
jun 02 06:12:36 localhost kernel: Dynamic Preempt: lazy
jun 02 06:12:36 localhost kernel: rcu: Preemptible hierarchical RCU implementation.
jun 02 06:12:36 localhost kernel: Zenbleed: please update your microcode for the most optimal fix
jun 02 06:12:36 localhost kernel: RETBleed: Mitigation: untrained return thunk
jun 02 06:12:36 localhost kernel: Spectre V2 : Selecting STIBP always-on mode to complement retbleed mitigation
jun 02 06:12:36 localhost kernel: active return thunk: retbleed_return_thunk
jun 02 06:12:36 localhost kernel: Freeing SMP alternatives memory: 56K
jun 02 06:12:36 localhost kernel: efi: Freeing EFI boot services memory: 121392K
jun 02 06:12:36 localhost kernel: HugeTLB: 16380 KiB vmemmap can be freed for a 1.00 GiB page
jun 02 06:12:36 localhost kernel: HugeTLB: 28 KiB vmemmap can be freed for a 2.00 MiB page
jun 02 06:12:36 localhost kernel: pci_bus 0000:00: root bus resource [mem 0xfee00000-0xffffffff window]
jun 02 06:12:36 localhost kernel: system 00:00: [mem 0xf8000000-0xfbffffff] has been reserved
jun 02 06:12:36 localhost kernel: system 00:01: [mem 0xfd000000-0xfd0fffff] has been reserved
jun 02 06:12:36 localhost kernel: system 00:03: [io  0x0a00-0x0a0f] has been reserved
jun 02 06:12:36 localhost kernel: system 00:03: [io  0x0a10-0x0a1f] has been reserved
jun 02 06:12:36 localhost kernel: system 00:03: [io  0x0a20-0x0a2f] has been reserved
jun 02 06:12:36 localhost kernel: system 00:03: [io  0x0a30-0x0a3f] has been reserved
jun 02 06:12:36 localhost kernel: system 00:06: [io  0x04d0-0x04d1] has been reserved
jun 02 06:12:36 localhost kernel: system 00:06: [io  0x040b] has been reserved
jun 02 06:12:36 localhost kernel: system 00:06: [io  0x04d6] has been reserved
jun 02 06:12:36 localhost kernel: system 00:06: [io  0x0c00-0x0c01] has been reserved
jun 02 06:12:36 localhost kernel: system 00:06: [io  0x0c14] has been reserved
jun 02 06:12:36 localhost kernel: system 00:06: [io  0x0c50-0x0c51] has been reserved
jun 02 06:12:36 localhost kernel: system 00:06: [io  0x0c52] has been reserved
jun 02 06:12:36 localhost kernel: system 00:06: [io  0x0c6c] has been reserved
jun 02 06:12:36 localhost kernel: system 00:06: [io  0x0c6f] has been reserved
jun 02 06:12:36 localhost kernel: system 00:06: [io  0x0cd0-0x0cd1] has been reserved
jun 02 06:12:36 localhost kernel: system 00:06: [io  0x0cd2-0x0cd3] has been reserved
jun 02 06:12:36 localhost kernel: system 00:06: [io  0x0cd4-0x0cd5] has been reserved
jun 02 06:12:36 localhost kernel: system 00:06: [io  0x0cd6-0x0cd7] has been reserved
jun 02 06:12:36 localhost kernel: system 00:06: [io  0x0cd8-0x0cdf] has been reserved
jun 02 06:12:36 localhost kernel: system 00:06: [io  0x0800-0x089f] has been reserved
jun 02 06:12:36 localhost kernel: system 00:06: [io  0x0b00-0x0b0f] has been reserved
jun 02 06:12:36 localhost kernel: system 00:06: [io  0x0b20-0x0b3f] has been reserved
jun 02 06:12:36 localhost kernel: system 00:06: [io  0x0900-0x090f] has been reserved
jun 02 06:12:36 localhost kernel: system 00:06: [io  0x0910-0x091f] has been reserved
jun 02 06:12:36 localhost kernel: system 00:06: [mem 0xfedc0000-0xfedc0fff] has been reserved
jun 02 06:12:36 localhost kernel: system 00:06: [mem 0xfee00000-0xfee00fff] has been reserved
jun 02 06:12:36 localhost kernel: system 00:06: [mem 0xfec10000-0xfec10fff] has been reserved
jun 02 06:12:36 localhost kernel: system 00:06: [mem 0xff000000-0xffffffff] has been reserved
jun 02 06:12:36 localhost kernel: pci_bus 0000:00: resource 10 [mem 0xfee00000-0xffffffff window]
jun 02 06:12:36 localhost kernel: ACPI: bus type drm_connector registered
jun 02 06:12:36 localhost kernel: xhci_hcd 0000:03:00.0: Host supports USB 3.1 Enhanced SuperSpeed
jun 02 06:12:36 localhost kernel: xhci_hcd 0000:28:00.3: Host supports USB 3.1 Enhanced SuperSpeed
jun 02 06:12:36 localhost kernel: simple-framebuffer simple-framebuffer.0: [drm] Registered 1 planes with drm panic
jun 02 06:12:36 localhost kernel: [drm] Initialized simpledrm 1.0.0 for simple-framebuffer.0 on minor 0
jun 02 06:12:36 localhost kernel: simple-framebuffer simple-framebuffer.0: [drm] fb0: simpledrmdrmfb frame buffer device
jun 02 06:12:36 localhost kernel: Freeing initrd memory: 444132K
jun 02 06:12:36 localhost kernel: usb 3-1: new high-speed USB device number 2 using xhci_hcd
jun 02 06:12:36 localhost kernel: usb 1-7: new low-speed USB device number 2 using xhci_hcd
jun 02 06:12:36 localhost kernel: ata1.00: supports DRM functions and may not be fully accessible
jun 02 06:12:36 localhost kernel: ata1.00: Features: Trust Dev-Sleep DIPM NCQ-sndrcv
jun 02 06:12:36 localhost kernel: ata1.00: supports DRM functions and may not be fully accessible
jun 02 06:12:36 localhost kernel: ahci 0000:03:00.1: port does not support device sleep
jun 02 06:12:36 localhost kernel: usb 2-3: new SuperSpeed USB device number 2 using xhci_hcd
jun 02 06:12:36 localhost kernel: usb 3-1.1: new high-speed USB device number 3 using xhci_hcd
jun 02 06:12:36 localhost kernel: usb 3-1.1.1: new high-speed USB device number 4 using xhci_hcd
jun 02 06:12:36 localhost kernel: ata6.00: supports DRM functions and may not be fully accessible
jun 02 06:12:36 localhost kernel: ata6.00: Features: Trust Dev-Sleep DIPM NCQ-sndrcv
jun 02 06:12:36 localhost kernel: ata6.00: supports DRM functions and may not be fully accessible
jun 02 06:12:36 localhost kernel: ahci 0000:03:00.1: port does not support device sleep
jun 02 06:12:36 localhost kernel: Freeing unused decrypted memory: 2028K
jun 02 06:12:36 localhost kernel: Freeing unused kernel image (initmem) memory: 5200K
jun 02 06:12:36 localhost kernel: Freeing unused kernel image (text/rodata gap) memory: 1972K
jun 02 06:12:36 localhost kernel: Freeing unused kernel image (rodata/data gap) memory: 576K
jun 02 06:12:36 localhost kernel:     machine_id=2a6ddf0ae423d8e9ee8c07d06a1d3d9c
jun 02 06:12:36 localhost systemd[1]: Starting modprobe@drm.service - Load Kernel Module drm...
jun 02 06:12:36 localhost systemd[1]: modprobe@drm.service: Deactivated successfully.
jun 02 06:12:36 localhost systemd[1]: Finished modprobe@drm.service - Load Kernel Module drm.
jun 02 06:12:36 localhost systemd[1]: Starting systemd-random-seed.service - Load/Save OS Random Seed...
jun 02 06:12:36 localhost systemd[1]: Finished systemd-random-seed.service - Load/Save OS Random Seed.
jun 02 06:12:36 localhost systemd[1]: systemd-boot-random-seed.service - Update Boot Loader Random Seed skipped, no trigger condition checks were met.
jun 02 06:12:36 localhost systemd-journald[536]: Runtime Journal (/run/log/journal/2a6ddf0ae423d8e9ee8c07d06a1d3d9c) is 8M, max 318.5M, 310.5M free.
jun 02 06:12:36 localhost systemd-journald[536]: Time spent on flushing to /var/log/journal/2a6ddf0ae423d8e9ee8c07d06a1d3d9c is 8.740ms for 1057 entries.
jun 02 06:12:36 localhost systemd-journald[536]: System Journal (/var/log/journal/2a6ddf0ae423d8e9ee8c07d06a1d3d9c) is 8M, max 768.2M, 760.2M free.
jun 02 06:12:37 localhost systemd[1]: Starting plymouth-start.service - Show Plymouth Boot Screen...
jun 02 06:12:37 localhost systemd[1]: Started plymouth-start.service - Show Plymouth Boot Screen.
jun 02 06:12:37 localhost kernel: ee1004 0-0052: 512 byte EE1004-compliant SPD EEPROM, read-only
jun 02 06:12:37 localhost kernel: ee1004 0-0053: 512 byte EE1004-compliant SPD EEPROM, read-only
jun 02 06:12:37 localhost systemd[1]: systemd-boot-random-seed.service - Update Boot Loader Random Seed skipped, no trigger condition checks were met.
jun 02 06:12:37 localhost systemd[1]: systemd-boot-random-seed.service - Update Boot Loader Random Seed skipped, no trigger condition checks were met.
jun 02 06:12:37 localhost dbus-broker-launch[1003]: Ignoring duplicate name 'org.freedesktop.Accounts' in service file '/usr/share/dbus-1/system-services/org.freedesktop.Accounts.service'
jun 02 06:12:37 localhost dbus-broker-launch[1003]: Ignoring duplicate name 'org.freedesktop.PolicyKit1' in service file '/usr/share/dbus-1/system-services/org.freedesktop.PolicyKit1.service'
jun 02 06:12:37 localhost dbus-broker-launch[1003]: Ignoring duplicate name 'org.freedesktop.home1' in service file '/usr/share/dbus-1/system-services/org.freedesktop.home1.service'
jun 02 06:12:37 localhost dbus-broker-launch[1003]: Ignoring duplicate name 'org.freedesktop.hostname1' in service file '/usr/share/dbus-1/system-services/org.freedesktop.hostname1.service'
jun 02 06:12:37 localhost dbus-broker-launch[1003]: Ignoring duplicate name 'org.freedesktop.locale1' in service file '/usr/share/dbus-1/system-services/org.freedesktop.locale1.service'
jun 02 06:12:37 localhost dbus-broker-launch[1003]: Ignoring duplicate name 'org.freedesktop.login1' in service file '/usr/share/dbus-1/system-services/org.freedesktop.login1.service'
jun 02 06:12:37 localhost dbus-broker-launch[1003]: Ignoring duplicate name 'org.freedesktop.oom1' in service file '/usr/share/dbus-1/system-services/org.freedesktop.oom1.service'
jun 02 06:12:37 localhost dbus-broker-launch[1003]: Ignoring duplicate name 'org.freedesktop.portable1' in service file '/usr/share/dbus-1/system-services/org.freedesktop.portable1.service'
jun 02 06:12:37 localhost dbus-broker-launch[1003]: Ignoring duplicate name 'org.freedesktop.resolve1' in service file '/usr/share/dbus-1/system-services/org.freedesktop.resolve1.service'
jun 02 06:12:37 localhost dbus-broker-launch[1003]: Ignoring duplicate name 'org.freedesktop.systemd1' in service file '/usr/share/dbus-1/system-services/org.freedesktop.systemd1.service'
jun 02 06:12:37 localhost dbus-broker-launch[1003]: Ignoring duplicate name 'org.freedesktop.timedate1' in service file '/usr/share/dbus-1/system-services/org.freedesktop.timedate1.service'
jun 02 06:12:37 localhost dbus-broker-launch[1003]: Ignoring duplicate name 'org.freedesktop.timesync1' in service file '/usr/share/dbus-1/system-services/org.freedesktop.timesync1.service'
jun 02 06:12:37 localhost dbus-broker-launch[1003]: Ignoring duplicate name 'org.freedesktop.Accounts' in service file '/lib/dbus-1/system-services/org.freedesktop.Accounts.service'
jun 02 06:12:37 localhost dbus-broker-launch[1003]: Ignoring duplicate name 'org.freedesktop.PolicyKit1' in service file '/lib/dbus-1/system-services/org.freedesktop.PolicyKit1.service'
jun 02 06:12:37 localhost dbus-broker-launch[1003]: Ignoring duplicate name 'org.freedesktop.home1' in service file '/lib/dbus-1/system-services/org.freedesktop.home1.service'
jun 02 06:12:37 localhost dbus-broker-launch[1003]: Ignoring duplicate name 'org.freedesktop.hostname1' in service file '/lib/dbus-1/system-services/org.freedesktop.hostname1.service'
jun 02 06:12:37 localhost dbus-broker-launch[1003]: Ignoring duplicate name 'org.freedesktop.locale1' in service file '/lib/dbus-1/system-services/org.freedesktop.locale1.service'
jun 02 06:12:37 localhost dbus-broker-launch[1003]: Ignoring duplicate name 'org.freedesktop.login1' in service file '/lib/dbus-1/system-services/org.freedesktop.login1.service'
jun 02 06:12:37 localhost dbus-broker-launch[1003]: Ignoring duplicate name 'org.freedesktop.oom1' in service file '/lib/dbus-1/system-services/org.freedesktop.oom1.service'
jun 02 06:12:37 localhost dbus-broker-launch[1003]: Ignoring duplicate name 'org.freedesktop.portable1' in service file '/lib/dbus-1/system-services/org.freedesktop.portable1.service'
jun 02 06:12:37 localhost dbus-broker-launch[1003]: Ignoring duplicate name 'org.freedesktop.resolve1' in service file '/lib/dbus-1/system-services/org.freedesktop.resolve1.service'
jun 02 06:12:37 localhost dbus-broker-launch[1003]: Ignoring duplicate name 'org.freedesktop.systemd1' in service file '/lib/dbus-1/system-services/org.freedesktop.systemd1.service'
jun 02 06:12:37 localhost dbus-broker-launch[1003]: Ignoring duplicate name 'org.freedesktop.timedate1' in service file '/lib/dbus-1/system-services/org.freedesktop.timedate1.service'
jun 02 06:12:37 localhost dbus-broker-launch[1003]: Ignoring duplicate name 'org.freedesktop.timesync1' in service file '/lib/dbus-1/system-services/org.freedesktop.timesync1.service'
jun 02 06:12:38 localhost kernel: nouveau 0000:26:00.0: drm: VRAM: 2048 MiB
jun 02 06:12:38 localhost kernel: nouveau 0000:26:00.0: drm: GART: 536870912 MiB
jun 02 06:12:38 localhost kernel: nouveau 0000:26:00.0: drm: BIT table 'A' not found
jun 02 06:12:38 localhost kernel: nouveau 0000:26:00.0: drm: BIT table 'L' not found
jun 02 06:12:38 localhost kernel: nouveau 0000:26:00.0: drm: TMDS table version 2.0
jun 02 06:12:38 localhost kernel: nouveau 0000:26:00.0: drm: MM: using COPY for buffer copies
jun 02 06:12:38 localhost kernel: nouveau 0000:26:00.0: [drm] Registered 2 planes with drm panic
jun 02 06:12:38 localhost kernel: [drm] Initialized nouveau 1.4.1 for 0000:26:00.0 on minor 1
jun 02 06:12:38 localhost kernel: fbcon: nouveaudrmfb (fb0) is primary device
jun 02 06:12:38 localhost kernel: nouveau 0000:26:00.0: [drm] fb0: nouveaudrmfb frame buffer device
jun 02 06:13:19 ts-2cf05d6eb237 systemd[1]: 9p-kvm-mounts.service - Mount shared folder between qemu host and guest skipped, unmet condition check ConditionVirtualization=kvm
jun 02 06:13:19 ts-2cf05d6eb237 systemd[1]: 9p-qemu-mounts.service - Mount shared folder between qemu host and guest skipped, unmet condition check ConditionVirtualization=qemu
jun 02 06:13:19 ts-2cf05d6eb237 systemd[1]: Starting freerdp-init.service - Configure FreeRDP 1.1+ Client Settings...
jun 02 06:13:19 ts-2cf05d6eb237 systemd[1]: Starting xconf.service - Configure Thinstation Xorg Settings...
jun 02 06:13:19 ts-2cf05d6eb237 systemd[1]: Finished freerdp-init.service - Configure FreeRDP 1.1+ Client Settings.
jun 02 06:13:19 ts-2cf05d6eb237 systemd[1]: Finished xconf.service - Configure Thinstation Xorg Settings.
jun 02 06:13:19 ts-2cf05d6eb237 systemd[1]: Starting lightdm.service - Light Display Manager...
jun 02 06:13:19 ts-2cf05d6eb237 env[3999]: env: can't execute 'lightdm': No such file or directory
jun 02 06:13:19 ts-2cf05d6eb237 systemd[1]: lightdm.service: Main process exited, code=exited, status=127/n/a
jun 02 06:13:19 ts-2cf05d6eb237 systemd[1]: lightdm.service: Failed with result 'exit-code'.
jun 02 06:13:19 ts-2cf05d6eb237 systemd[1]: Failed to start lightdm.service - Light Display Manager.
jun 02 06:13:19 ts-2cf05d6eb237 systemd[1]: lightdm.service: Triggering OnFailure= dependencies.
jun 02 06:13:19 ts-2cf05d6eb237 systemd[1]: Starting plymouth-quit.service - Terminate Plymouth Boot Screen...
jun 02 06:13:19 ts-2cf05d6eb237 systemd[1]: Finished plymouth-quit.service - Terminate Plymouth Boot Screen.
jun 02 06:13:20 ts-2cf05d6eb237 systemd[1]: lightdm.service: Scheduled restart job, restart counter is at 1.
jun 02 06:13:20 ts-2cf05d6eb237 systemd[1]: Stopped plymouth-quit.service - Terminate Plymouth Boot Screen.
jun 02 06:13:20 ts-2cf05d6eb237 systemd[1]: Starting lightdm.service - Light Display Manager...
jun 02 06:13:20 ts-2cf05d6eb237 env[4006]: env: can't execute 'lightdm': No such file or directory
jun 02 06:13:20 ts-2cf05d6eb237 systemd[1]: lightdm.service: Main process exited, code=exited, status=127/n/a
jun 02 06:13:20 ts-2cf05d6eb237 systemd[1]: lightdm.service: Failed with result 'exit-code'.
jun 02 06:13:20 ts-2cf05d6eb237 systemd[1]: Failed to start lightdm.service - Light Display Manager.
jun 02 06:13:20 ts-2cf05d6eb237 systemd[1]: lightdm.service: Triggering OnFailure= dependencies.
jun 02 06:13:20 ts-2cf05d6eb237 systemd[1]: Starting plymouth-quit.service - Terminate Plymouth Boot Screen...
jun 02 06:13:20 ts-2cf05d6eb237 systemd[1]: Finished plymouth-quit.service - Terminate Plymouth Boot Screen.
jun 02 06:13:20 ts-2cf05d6eb237 systemd[1]: lightdm.service: Scheduled restart job, restart counter is at 2.
jun 02 06:13:20 ts-2cf05d6eb237 systemd[1]: Stopped plymouth-quit.service - Terminate Plymouth Boot Screen.
jun 02 06:13:20 ts-2cf05d6eb237 systemd[1]: Starting lightdm.service - Light Display Manager...
jun 02 06:13:20 ts-2cf05d6eb237 env[4010]: env: can't execute 'lightdm': No such file or directory
jun 02 06:13:20 ts-2cf05d6eb237 systemd[1]: lightdm.service: Main process exited, code=exited, status=127/n/a
jun 02 06:13:20 ts-2cf05d6eb237 systemd[1]: lightdm.service: Failed with result 'exit-code'.
jun 02 06:13:20 ts-2cf05d6eb237 systemd[1]: Failed to start lightdm.service - Light Display Manager.
jun 02 06:13:20 ts-2cf05d6eb237 systemd[1]: lightdm.service: Triggering OnFailure= dependencies.
jun 02 06:13:20 ts-2cf05d6eb237 systemd[1]: Starting plymouth-quit.service - Terminate Plymouth Boot Screen...
jun 02 06:13:20 ts-2cf05d6eb237 systemd[1]: Finished plymouth-quit.service - Terminate Plymouth Boot Screen.
jun 02 06:13:20 ts-2cf05d6eb237 systemd[1]: lightdm.service: Scheduled restart job, restart counter is at 3.
jun 02 06:13:20 ts-2cf05d6eb237 systemd[1]: Stopped plymouth-quit.service - Terminate Plymouth Boot Screen.
jun 02 06:13:20 ts-2cf05d6eb237 systemd[1]: Starting lightdm.service - Light Display Manager...
jun 02 06:13:20 ts-2cf05d6eb237 env[4015]: env: can't execute 'lightdm': No such file or directory
jun 02 06:13:20 ts-2cf05d6eb237 systemd[1]: lightdm.service: Main process exited, code=exited, status=127/n/a
jun 02 06:13:20 ts-2cf05d6eb237 systemd[1]: lightdm.service: Failed with result 'exit-code'.
jun 02 06:13:20 ts-2cf05d6eb237 systemd[1]: Failed to start lightdm.service - Light Display Manager.
jun 02 06:13:20 ts-2cf05d6eb237 systemd[1]: lightdm.service: Triggering OnFailure= dependencies.
jun 02 06:13:20 ts-2cf05d6eb237 systemd[1]: Starting plymouth-quit.service - Terminate Plymouth Boot Screen...
jun 02 06:13:20 ts-2cf05d6eb237 systemd[1]: Finished plymouth-quit.service - Terminate Plymouth Boot Screen.
jun 02 06:13:20 ts-2cf05d6eb237 systemd[1]: lightdm.service: Scheduled restart job, restart counter is at 4.
jun 02 06:13:20 ts-2cf05d6eb237 systemd[1]: Stopped plymouth-quit.service - Terminate Plymouth Boot Screen.
jun 02 06:13:20 ts-2cf05d6eb237 systemd[1]: Starting lightdm.service - Light Display Manager...
jun 02 06:13:20 ts-2cf05d6eb237 env[4019]: env: can't execute 'lightdm': No such file or directory
jun 02 06:13:20 ts-2cf05d6eb237 systemd[1]: lightdm.service: Main process exited, code=exited, status=127/n/a
jun 02 06:13:20 ts-2cf05d6eb237 systemd[1]: lightdm.service: Failed with result 'exit-code'.
jun 02 06:13:20 ts-2cf05d6eb237 systemd[1]: Failed to start lightdm.service - Light Display Manager.
jun 02 06:13:20 ts-2cf05d6eb237 systemd[1]: lightdm.service: Triggering OnFailure= dependencies.
jun 02 06:13:20 ts-2cf05d6eb237 systemd[1]: Starting plymouth-quit.service - Terminate Plymouth Boot Screen...
jun 02 06:13:20 ts-2cf05d6eb237 systemd[1]: Finished plymouth-quit.service - Terminate Plymouth Boot Screen.
jun 02 06:13:21 ts-2cf05d6eb237 systemd[1]: lightdm.service: Scheduled restart job, restart counter is at 5.
jun 02 06:13:21 ts-2cf05d6eb237 systemd[1]: Stopped plymouth-quit.service - Terminate Plymouth Boot Screen.
jun 02 06:13:21 ts-2cf05d6eb237 systemd[1]: lightdm.service: Start request repeated too quickly.
jun 02 06:13:21 ts-2cf05d6eb237 systemd[1]: lightdm.service: Failed with result 'exit-code'.
jun 02 06:13:21 ts-2cf05d6eb237 systemd[1]: Failed to start lightdm.service - Light Display Manager.
jun 02 06:13:21 ts-2cf05d6eb237 systemd[1]: lightdm.service: Triggering OnFailure= dependencies.
jun 02 06:13:21 ts-2cf05d6eb237 systemd[1]: Failed to start plymouth-quit.service - Terminate Plymouth Boot Screen.
jun 02 06:14:34 ts-2cf05d6eb237 kernel: usb 1-10: new high-speed USB device number 3 using xhci_hcd
