**********************
Inicio de la transcripción de Windows PowerShell
Hora de inicio: 20260618201329
Nombre de usuario: W11-00-VMUELA\adminvictor
Usuario RunAs: W11-00-VMUELA\adminvictor
Nombre de la configuración: 
Máquina: W11-00-VMUELA (Microsoft Windows NT 10.0.26100.0)
Aplicación host: C:\Windows\System32\WindowsPowerShell\v1.0\powershell.exe
Id. de proceso: 3996
PSVersion: 5.1.26100.8655
PSEdition: Desktop
PSCompatibleVersions: 1.0, 2.0, 3.0, 4.0, 5.0, 5.1.26100.8655
BuildVersion: 10.0.26100.8655
CLRVersion: 4.0.30319.42000
WSManStackVersion: 3.0
PSRemotingProtocolVersion: 2.3
SerializationVersion: 1.1.0.1
**********************
Log: E:\Usuarios\vmuela\OneDrive - Educantabria\_20FP25-26\Dep\IAC-IESMHP\W11\Compacta\LimpiaW11.20260618-201329.log

================================================
  LimpiaW11.ps1 - Preparacion para compactacion
================================================

Espacio libre inicial en C:  97.38 GB
Unidades de disco fijo detectadas: C:, E:

=== 1/12  Temporales de usuario y sistema ===
    Elementos procesados en carpetas Temp: 225

=== 2/13  Cache de Windows Update y Delivery Optimization ===
    Deteniendo wuauserv y bits...
No se encuentra la propiedad 'Count' en este objeto. Compruebe que existe.
En E:\Usuarios\vmuela\OneDrive - Educantabria\_20FP25-26\Dep\IAC-IESMHP\W11\Compacta\LimpiaW11.ps1: 239 Carácter: 5
+     $total = $items.Count
+     ~~~~~~~~~~~~~~~~~~~~~
    + CategoryInfo          : NotSpecified: (:) [], PropertyNotFoundException
    + FullyQualifiedErrorId : PropertyNotFoundStrict
No se encuentra la propiedad 'Count' en este objeto. Compruebe que existe.
En E:\Usuarios\vmuela\OneDrive - Educantabria\_20FP25-26\Dep\IAC-IESMHP\W11\Compacta\LimpiaW11.ps1: 239 Carácter: 5
+     $total = $items.Count
+     ~~~~~~~~~~~~~~~~~~~~~
    + CategoryInfo          : NotSpecified: (:) [], PropertyNotFoundException
    + FullyQualifiedErrorId : PropertyNotFoundStrict

    Elementos procesados en SoftwareDistribution\Download:
Deleting...
Successfully deleted Delivery Optimization cache
    Cache de Delivery Optimization eliminada
    Reiniciando wuauserv y bits...
ADVERTENCIA: Esperando a que se inicie el servicio 'Servicio de transferencia inteligente en segundo plano (BITS) (bits)'...
ADVERTENCIA: Esperando a que se inicie el servicio 'Servicio de transferencia inteligente en segundo plano (BITS) (bits)'...

=== 3/13  WinSxS / Component Store (DISM - puede tardar varios minutos) ===
    AVISO: /ResetBase es IRREVERSIBLE. Desinstalar actualizaciones no sera posible despues.
    Ejecutando DISM /StartComponentCleanup /ResetBase ...
    DISM /ResetBase completado correctamente (exit 0)
    Ejecutando DISM /SPSuperseded ...
    DISM /SPSuperseded completado correctamente (exit 0)

=== 4/13  Compresion CompactOS del sistema operativo ===
    Ejecutando compact /compactos:always (puede tardar unos minutos)...
    CompactOS activado (ficheros del SO comprimidos)

=== 5/13  Papelera de reciclaje (todos los perfiles) ===
    Papelera vaciada

=== 6/13  Prefetch ===
    Elementos procesados en Prefetch: 199

=== 7/13  Minidumps y volcados de memoria ===
    Volcados de memoria eliminados: 0

=== 8/13  Thumbnails e Icon cache ===
    Deteniendo explorer.exe para liberar caches...
    Reiniciando explorer.exe...
    Caches de miniaturas/iconos eliminados: 16

=== 9/13  Hibernacion ===
    Hibernacion desactivada (hiberfil.sys eliminado)

=== 10/13 Fichero de paginacion ===
    Pagefile gestionado automaticamente por Windows (tamano variable)
    NOTA: Eliminar el pagefile antes del zero-fill libera espacio adicional.
          Para hacerlo: Panel de control > Sistema > Configuracion avanzada > Rendimiento > Memoria virtual

=== 11/13 Registros de eventos de Windows ===
    Registros de eventos vaciados: 91

=== 12/13 Puntos de restauracion del sistema ===
    No se encontraron puntos de restauracion

=== 13/13 Cleanmgr (Liberador de espacio en disco) ===
    Ejecutando cleanmgr /sagerun:1 (en segundo plano, esperar hasta 2 min)...
    cleanmgr tardo mas de 2 min; continuando sin esperar

=== Localizando sdelete64.exe ===
    sdelete64 encontrado en: sdelete64.exe

=== ZERO-FILL de todas las unidades de disco fijo (no USB, no red) ===
    Unidades a procesar: C:, E:

############### Unidad C: ###############

--- C:  defrag de consolidacion (defrag C: /X) ---

Invocando a consolidación de espacio disponible en (C:)...

        Análisis: 100% completado.

Informe de optimización previa:

        Información de volumen:
                Tamaño del volumen                 = 159,07 GB
                Tamaño de clúster                = 4 KB
                Espacio usado                  = 61,64 GB
                Espacio disponible                  = 97,43 GB

        Fragmentación:
                Espacio total fragmentado      = 1%
                Promedio de fragmentos por archivo  = 1,01

                Archivos y carpetas que pueden moverse   = 320242
                Archivos y carpetas que no pueden moverse = 12

        Archivos:
                Archivos fragmentados            = 1223
                Cantidad de fragmentos de archivo        = 3604

        Carpetas:
                Cantidad de carpetas               = 30269
                Carpetas fragmentadas          = 29
                Cantidad de fragmentos de carpeta      = 124

        Espacio disponible:
                Cantidad de espacio disponible            = 43931
                Promedio de tamaño de espacio disponible     = 2,39 MB
                Tamaño más grande de espacio disponible     = 55,10 GB

        Tabla maestra de archivos (MFT):
                Tamaño de MFT                    = 688,25 MB
                Cuenta de registros de MFT            = 704767
                Uso de MFT                   = 100%
                Cantidad de fragmentos de MFT         = 0

        Nota: los fragmentos de archivo con tamaño superior a 64 MB no se incluirán en las estadísticas de fragmentación.
        Operación desconocida:  0% completado...
Realizando el paso 1:
        Consolidación de espacio disponible: 100% completado.  .

Realizando el paso 2:
        Consolidación de espacio disponible: 100% completado.

Realizando el paso 3:
        Consolidación de espacio disponible: 100% completado.

Realizando el paso 5:
        Consolidación de espacio disponible: 100% completado.

Realizando el paso 6:
        Consolidación de espacio disponible: 100% completado.

La operación se completó correctamente.

Post Defragmentation Report:

        Información de volumen:
                Tamaño del volumen                 = 159,07 GB
                Tamaño de clúster                = 4 KB
                Espacio usado                  = 61,64 GB
                Espacio disponible                  = 97,43 GB

        Fragmentación:
                Espacio total fragmentado      = 1%
                Promedio de fragmentos por archivo  = 1,01

                Archivos y carpetas que pueden moverse   = 320240
                Archivos y carpetas que no pueden moverse = 12

        Archivos:
                Archivos fragmentados            = 1223
                Cantidad de fragmentos de archivo        = 3604

        Carpetas:
                Cantidad de carpetas               = 30268
                Carpetas fragmentadas          = 29
                Cantidad de fragmentos de carpeta      = 124

        Espacio disponible:
                Cantidad de espacio disponible            = 17305
                Promedio de tamaño de espacio disponible     = 12,13 MB
                Tamaño más grande de espacio disponible     = 55,10 GB

        Tabla maestra de archivos (MFT):
                Tamaño de MFT                    = 688,25 MB
                Cuenta de registros de MFT            = 704767
                Uso de MFT                   = 100%
                Cantidad de fragmentos de MFT         = 0

        Nota: los fragmentos de archivo con tamaño superior a 64 MB no se incluirán en las estadísticas de fragmentación.
    Defrag de consolidacion de C: completado
--- C:  zero-fill del espacio libre ---
    Ejecutando: sdelete64.exe -accepteula -z C: (puede tardar)

SDelete v2.06 - Secure file delete
Copyright (C) 1999-2026 Mark Russinovich
Sysinternals - www.sysinternals.com

SDelete is set for 1 pass.
Cleaning free space on C:\: 8%
PS>ErrorTerminación(): "Se ha detenido la canalización."
>> ErrorTerminación(): "Se ha detenido la canalización."
>> ErrorTerminación(): "Se ha detenido la canalización."
>> ErrorTerminación(): "Se ha detenido la canalización."
PS E:\Usuarios\vmuela\OneDrive - Educantabria\_20FP25-26\Dep\IAC-IESMHP\W11\Compacta> clear
PS E:\Usuarios\vmuela\OneDrive - Educantabria\_20FP25-26\Dep\IAC-IESMHP\W11\Compacta> Install-PackageProvider -Name NuGet -Force

Name                           Version          Source           Summary
----                           -------          ------           -------
nuget                          2.8.5.208        https://cdn.o... NuGet provider for the OneGet meta-package manager


PS E:\Usuarios\vmuela\OneDrive - Educantabria\_20FP25-26\Dep\IAC-IESMHP\W11\Compacta> Install-Module PSWindowsUpdate -Force -Scope CurrentUser
PS E:\Usuarios\vmuela\OneDrive - Educantabria\_20FP25-26\Dep\IAC-IESMHP\W11\Compacta> Import-Module PSWindowsUpdate
PS E:\Usuarios\vmuela\OneDrive - Educantabria\_20FP25-26\Dep\IAC-IESMHP\W11\Compacta> Get-WindowsUpdate                       # lista lo disponible

ComputerName Status     KB          Size Title
------------ ------     --          ---- -----
W11-00-VM... -------    KB2267602    1GB Actualización de inteligencia de seguridad para Microsoft Defender Antivirus - KB2267602 (versión 1.453.164.0) - Canal act...
W11-00-VM... -------                28MB Broadcom Inc. Driver Update (9.17.11.3)


PS E:\Usuarios\vmuela\OneDrive - Educantabria\_20FP25-26\Dep\IAC-IESMHP\W11\Compacta> Install-WindowsUpdate -AcceptAll -AutoReboot

X ComputerName Result     KB          Size Title
- ------------ ------     --          ---- -----
1 W11-00-VM... Accepted   KB2267602    1GB Actualización de inteligencia de seguridad para Microsoft Defender Antivirus - KB2267602 (versión 1.453.164.0) - Canal a...
1 W11-00-VM... Accepted               28MB Broadcom Inc. Driver Update (9.17.11.3)
2 W11-00-VM... Downloaded KB2267602    1GB Actualización de inteligencia de seguridad para Microsoft Defender Antivirus - KB2267602 (versión 1.453.164.0) - Canal a...
2 W11-00-VM... Downloaded             28MB Broadcom Inc. Driver Update (9.17.11.3)
3 W11-00-VM... Installed  KB2267602    1GB Actualización de inteligencia de seguridad para Microsoft Defender Antivirus - KB2267602 (versión 1.453.164.0) - Canal a...
3 W11-00-VM... Installed              28MB Broadcom Inc. Driver Update (9.17.11.3)


PS E:\Usuarios\vmuela\OneDrive - Educantabria\_20FP25-26\Dep\IAC-IESMHP\W11\Compacta> Set-ItemProperty -Path "HKLM:\SOFTWARE\Microsoft\WindowsUpdate\UX\Settings" `
  -Name "IsContinuousInnovationOptedIn" -Value 1 -Type DWord
PS E:\Usuarios\vmuela\OneDrive - Educantabria\_20FP25-26\Dep\IAC-IESMHP\W11\Compacta> clear
PS E:\Usuarios\vmuela\OneDrive - Educantabria\_20FP25-26\Dep\IAC-IESMHP\W11\Compacta> #Requires -RunAsAdministrator
Error al crear la canalización.
Error al crear la canalización.
    + CategoryInfo          : NotSpecified: (:) [], ParentContainsErrorRecordException
    + FullyQualifiedErrorId : RuntimeException

PS E:\Usuarios\vmuela\OneDrive - Educantabria\_20FP25-26\Dep\IAC-IESMHP\W11\Compacta> $ErrorActionPreference = 'Stop'
PS E:\Usuarios\vmuela\OneDrive - Educantabria\_20FP25-26\Dep\IAC-IESMHP\W11\Compacta> # 1) Comprobaciones previas
PS E:\Usuarios\vmuela\OneDrive - Educantabria\_20FP25-26\Dep\IAC-IESMHP\W11\Compacta> $rk  = Get-ItemProperty 'HKLM:\SOFTWARE\Microsoft\Windows NT\CurrentVersion'
PS E:\Usuarios\vmuela\OneDrive - Educantabria\_20FP25-26\Dep\IAC-IESMHP\W11\Compacta> $cb  = [int]$rk.CurrentBuild
PS E:\Usuarios\vmuela\OneDrive - Educantabria\_20FP25-26\Dep\IAC-IESMHP\W11\Compacta> $ubr = [int]$rk.UBR
PS E:\Usuarios\vmuela\OneDrive - Educantabria\_20FP25-26\Dep\IAC-IESMHP\W11\Compacta> Write-Host "Build actual: $cb.$ubr"
Build actual: 26100.8655
PS E:\Usuarios\vmuela\OneDrive - Educantabria\_20FP25-26\Dep\IAC-IESMHP\W11\Compacta> if ($cb -ge 26200) { Write-Host "Ya estas en 25H2 o superior. Nada que hacer."; return }
PS E:\Usuarios\vmuela\OneDrive - Educantabria\_20FP25-26\Dep\IAC-IESMHP\W11\Compacta> if ($cb -ne 26100) { Write-Host "Este metodo solo aplica a 24H2 (rama 26100)."; return }
PS E:\Usuarios\vmuela\OneDrive - Educantabria\_20FP25-26\Dep\IAC-IESMHP\W11\Compacta> if ($ubr -lt 5074) { Write-Host "Necesitas 26100.5074 o superior. Actualiza por Windows Update primero."; return }
PS E:\Usuarios\vmuela\OneDrive - Educantabria\_20FP25-26\Dep\IAC-IESMHP\W11\Compacta> # 2) Descarga del paquete de habilitacion KB5054156 (URL directa del CDN de Microsoft)
PS E:\Usuarios\vmuela\OneDrive - Educantabria\_20FP25-26\Dep\IAC-IESMHP\W11\Compacta> $url  = 'https://catalog.sf.dl.delivery.mp.microsoft.com/filestreamingservice/files/fa84cc49-18b2-4c26-b389-90c96e6ae0d2/public/windows11.0-kb5054156-x64_a0c1638cbcf4cf33dbe9a5bef69db374b4786974.msu'
PS E:\Usuarios\vmuela\OneDrive - Educantabria\_20FP25-26\Dep\IAC-IESMHP\W11\Compacta> $msu  = "$env:TEMP\Windows11.0-KB5054156-x64.msu"
PS E:\Usuarios\vmuela\OneDrive - Educantabria\_20FP25-26\Dep\IAC-IESMHP\W11\Compacta> $sha1 = 'A0C1638CBCF4CF33DBE9A5BEF69DB374B4786974'
PS E:\Usuarios\vmuela\OneDrive - Educantabria\_20FP25-26\Dep\IAC-IESMHP\W11\Compacta> $ProgressPreference = 'SilentlyContinue'
PS E:\Usuarios\vmuela\OneDrive - Educantabria\_20FP25-26\Dep\IAC-IESMHP\W11\Compacta> Invoke-WebRequest -Uri $url -OutFile $msu
PS E:\Usuarios\vmuela\OneDrive - Educantabria\_20FP25-26\Dep\IAC-IESMHP\W11\Compacta> # 3) Verificacion de integridad
PS E:\Usuarios\vmuela\OneDrive - Educantabria\_20FP25-26\Dep\IAC-IESMHP\W11\Compacta> $hash = (Get-FileHash $msu -Algorithm SHA1).Hash
PS E:\Usuarios\vmuela\OneDrive - Educantabria\_20FP25-26\Dep\IAC-IESMHP\W11\Compacta> if ($hash -ne $sha1) { Remove-Item $msu -Force; throw "Hash no coincide ($hash). Aborto." }
PS E:\Usuarios\vmuela\OneDrive - Educantabria\_20FP25-26\Dep\IAC-IESMHP\W11\Compacta> Write-Host "Hash SHA-1 verificado correctamente."
Hash SHA-1 verificado correctamente.
PS E:\Usuarios\vmuela\OneDrive - Educantabria\_20FP25-26\Dep\IAC-IESMHP\W11\Compacta> # 4) Instalacion del eKB
PS E:\Usuarios\vmuela\OneDrive - Educantabria\_20FP25-26\Dep\IAC-IESMHP\W11\Compacta> wusa.exe $msu /quiet /norestart | Out-Null
PS E:\Usuarios\vmuela\OneDrive - Educantabria\_20FP25-26\Dep\IAC-IESMHP\W11\Compacta> # Alternativa equivalente: Add-WindowsPackage -Online -PackagePath $msu
PS E:\Usuarios\vmuela\OneDrive - Educantabria\_20FP25-26\Dep\IAC-IESMHP\W11\Compacta> # 5) Reinicio necesario para activar 25H2
PS E:\Usuarios\vmuela\OneDrive - Educantabria\_20FP25-26\Dep\IAC-IESMHP\W11\Compacta> Write-Host "Instalado. Reinicia para completar; despues 'winver' debe mostrar 25H2 (26200.xxxx)."
Instalado. Reinicia para completar; despues 'winver' debe mostrar 25H2 (26200.xxxx).
PS E:\Usuarios\vmuela\OneDrive - Educantabria\_20FP25-26\Dep\IAC-IESMHP\W11\Compacta>  Restart-Computer -Force   # descomenta para reinicio automatico
