
================================================================
 4-Comprobaciones.sh (vs1.0-20260429) вЂ” jue 30 abr 2026 13:26:01 UTC
================================================================
в”Ђв”Ђ 1. KERNEL Y BOOT в”Ђв”Ђв”Ђв”Ђв”Ђв”Ђв”Ђв”Ђв”Ђв”Ђв”Ђв”Ђв”Ђв”Ђв”Ђв
[32m[OK ] Kernel: /boot/vmlinuz-7.0.0-14-generic[0m
[32m[OK ] MГіdulos: /lib/modules/7.0.0-14-generic existe[0m
[32m[OK ] Initramfs: /boot/initrd.img-7.0.0-14-generic (89M)[0m
[32m[OK ]   Driver NVMe: presente en initramfs[0m
[32m[OK ]   Hooks casper: no presentes (correcto para sistema instalado)[0m
в”Ђв”Ђ 2. GRUB в”Ђв”Ђв”Ђв”Ђв”Ђв”Ђв”Ђв”Ђв”Ђв”Ђв”Ђв”Ђв”Ђв”Ђв”Ђв”Ђв”Ђв”Ђв
[32m[OK ] grub.cfg encontrado[0m
[36m[INF]   UUID root en grub.cfg: b1efbce2-bee9-4e04-b238-f91b1f19cfdb[0m
[32m[OK ]   UUID root existe en: /dev/nvme0n1p3[0m
[36m[INF]   Entradas GRUB:[0m
    if [ x"${feature_menuentry_id}" = xy ]; then
      menuentry_id_option="--id"
      menuentry_id_option=""
    export menuentry_id_option
    menuentry 'Ubuntu' --class ubuntu --class gnu-linux --class gnu --class os $menuentry_id_option 'gnulinux-simple-b1efbce2-bee9-4e04-b238-f91b1f19cfdb' {
    submenu 'Advanced options for Ubuntu' $menuentry_id_option 'gnulinux-advanced-b1efbce2-bee9-4e04-b238-f91b1f19cfdb' {
    	menuentry 'Ubuntu, with Linux 7.0.0-14-generic' --class ubuntu --class gnu-linux --class gnu --class os $menuentry_id_option 'gnulinux-7.0.0-14-generic-advanced-b1efbce2-bee9-4e04-b238-f91b1f19cfdb' {
    	menuentry 'Ubuntu, with Linux 7.0.0-14-generic (recovery mode)' --class ubuntu --class gnu-linux --class gnu --class os $menuentry_id_option 'gnulinux-7.0.0-14-generic-recovery-b1efbce2-bee9-4e04-b238-f91b1f19cfdb' {
    	menuentry "Memory test (mt86+x64)" --class memtest $menuentry_id_option "memtest86+" {
    		linux /boot/mt86+x64 
в”Ђв”Ђ 3. FSTAB в”Ђв”Ђв”Ђв”Ђв”Ђв”Ђв”Ђв”Ђв”Ђв”Ђв”Ђв”Ђв”Ђв”Ђв”Ђв”Ђв”Ђв”Ђ
[36m[INF] Contenido de /etc/fstab:[0m
  # /etc/fstab вЂ” generado por /opt/IAC-IESMHP/Ubuntu/ISO/26.04/2-SetupSOdesdeLiveCD.sh el jue 30 abr 2026 13:25:30 UTC
  UUID=b1efbce2-bee9-4e04-b238-f91b1f19cfdb  /          ext4  defaults  0 1
  UUID=731D-2BDD   /boot/efi  vfat  umask=0077  0 1
  UUID=f853bb15-6969-40c6-8128-b595cb75ca85  /home      ext4  defaults  0 2
  UUID=a5999a16-8450-47c7-a1a8-f35d6056cd71  none       swap  sw          0 0

[32m[OK ]   UUID b1efbce2-bee9-4e04-b238-f91b1f19cfdb (/) в†’ /dev/nvme0n1p3[0m
[31m[ERR]   UUID 731 (/boot/efi) в†’ ningГєn dispositivo con ese UUID[0m
[32m[OK ]   UUID f853bb15-6969-40c6-8128-b595cb75ca85 (/home) в†’ /dev/sda1[0m
[32m[OK ]   UUID a5999a16-8450-47c7-a1a8-f35d6056cd71 (none) в†’ /dev/nvme0n1p2[0m
в”Ђв”Ђ 4. PARTICIONES DETECTADAS в”Ђв”Ђв”Ђв”Ђв”Ђв”Ђв”Ђв”Ђв”Ђв”Ђв”Ђв”Ђв
NAME          SIZE TYPE FSTYPE   UUID                                 MOUNTPOINT
loop0         3,2G loop squashfs                                      
loop1       565,3M loop squashfs                                      
loop2       785,2M loop squashfs                                      
loop3        66,8M loop squashfs                                      
loop4           4K loop squashfs                                      
loop5        19,6M loop squashfs                                      
loop6       273,7M loop squashfs                                      
loop7       606,1M loop squashfs                                      
loop8        91,7M loop squashfs                                      
loop9        16,5M loop squashfs                                      
loop10        395M loop squashfs                                      
loop11       18,8M loop squashfs                                      
loop12       15,7M loop squashfs                                      
loop13       49,3M loop squashfs                                      
loop14        580K loop squashfs                                      
loop15      115,3M loop squashfs                                      
loop16      227,6M loop squashfs                                      
sda          1000G disk                                               
в””в”Ђsda1       1000G part ext4     f853bb15-6969-40c6-8128-b595cb75ca85 /home
sr0           6,1G rom  iso9660  2026-04-30-13-18-57-00               
nvme0n1       512G disk                                               
в”њв”Ђnvme0n1p1   512M part vfat     731D-2BDD                            /boot/efi
в”њв”Ђnvme0n1p2     8G part swap     a5999a16-8450-47c7-a1a8-f35d6056cd71 [SWAP]
в””в”Ђnvme0n1p3 503,5G part ext4     b1efbce2-bee9-4e04-b238-f91b1f19cfdb /
в”Ђв”Ђ 5. PAQUETES CLAVE в”Ђв”Ђв”Ђв”Ђв”Ђв”Ђв”Ђв”Ђв”Ђв”Ђв”Ђв”Ђв”Ђв”Ђв”Ђ
[31m[ERR] casper estГЎ instalado (debe eliminarse antes de update-initramfs)[0m
[32m[OK ] ubiquity: no instalado[0m
[32m[OK ] dpkg: sin paquetes rotos[0m
в”Ђв”Ђ 6. INITRAMFS-TOOLS CONFIG в”Ђв”Ђв”Ђв”Ђв”Ђв”Ђв”Ђв”Ђв”Ђв”Ђв”Ђв”Ђв
[36m[INF]   /etc/initramfs-tools/conf.d/modules: MODULES=most[0m
[32m[OK ]   MODULES=most (correcto para chroot)[0m
[32m[OK ]   /etc/initramfs-tools/conf.d/resume: RESUME=none[0m

================================================================
 RESUMEN: 2 error(es)  |  0 aviso(s)
[31m 2 problema(s) detectado(s) que pueden impedir el arranque[0m
 ssh ubuntu@10.0.72.51   Log: /mnt/var/log/IAC-IESMHP/Ubuntu/4-Comprobaciones.sh.log      
================================================================
